Terminals unused in grammar

   AND
   OR
   '<'
   '>'


State 43 conflicts: 2 shift/reduce
State 70 conflicts: 2 shift/reduce
State 81 conflicts: 1 shift/reduce


Grammar

    0 $accept: start $end

    1 start: Function
    2      | Declaration

    3 Function: Type ID '(' ArgList ')' CompoundStmt

    4 ArgList: ArgList ',' Arg
    5        | Arg
    6        | %empty

    7 Arg: Type ID

    8 Declaration: Type IdentList

    9 Type: INT
   10     | FLOAT

   11 IdentList: ID ',' IdentList
   12          | ID

   13 Stmt: ForStmt
   14     | WhileStmt
   15     | Declaration
   16     | CompoundStmt
   17     | IfStmt
   18     | Expr
   19     | ';'

   20 ForStmt: FOR '(' Expr ';' OptExpr ';' OptExpr ')' Stmt

   21 OptExpr: Expr
   22        | %empty

   23 WhileStmt: WHILE '(' Expr ')' Stmt

   24 IfStmt: IF '(' Expr ')' Stmt ElsePart

   25 ElsePart: ELSE Stmt
   26         | %empty

   27 CompoundStmt: '{' StmtList '}'

   28 StmtList: StmtList Stmt
   29         | %empty

   30 Expr: ID '=' Expr
   31     | Rvalue

   32 Rvalue: Rvalue Compare Mag
   33       | Mag

   34 Compare: EQ
   35        | LT
   36        | GT
   37        | GE
   38        | LE
   39        | NE

   40 Mag: Mag '+' Term
   41    | Mag '-' Term
   42    | Term

   43 Term: Term '*' Factor
   44     | Term '/' Factor
   45     | Factor

   46 Factor: '(' Expr ')'
   47       | '-' Factor
   48       | '+' Factor
   49       | ID
   50       | NUMBER


Terminals, with rules where they appear

$end (0) 0
'(' (40) 3 20 23 24 46
')' (41) 3 20 23 24 46
'*' (42) 43
'+' (43) 40 48
',' (44) 4 11
'-' (45) 41 47
'/' (47) 44
';' (59) 19 20
'<' (60)
'=' (61) 30
'>' (62)
'{' (123) 27
'}' (125) 27
error (256)
INT (258) 9
FLOAT (259) 10
ID (260) 3 7 11 12 30 49
FOR (261) 20
WHILE (262) 23
IF (263) 24
ELSE (264) 25
NUMBER (265) 50
mu (266)
AND (267)
OR (268)
LE (269) 38
GE (270) 37
EQ (271) 34
NE (272) 39
LT (273) 35
GT (274) 36


Nonterminals, with rules where they appear

$accept (33)
    on left: 0
start (34)
    on left: 1 2, on right: 0
Function (35)
    on left: 3, on right: 1
ArgList (36)
    on left: 4 5 6, on right: 3 4
Arg (37)
    on left: 7, on right: 4 5
Declaration (38)
    on left: 8, on right: 2 15
Type (39)
    on left: 9 10, on right: 3 7 8
IdentList (40)
    on left: 11 12, on right: 8 11
Stmt (41)
    on left: 13 14 15 16 17 18 19, on right: 20 23 24 25 28
ForStmt (42)
    on left: 20, on right: 13
OptExpr (43)
    on left: 21 22, on right: 20
WhileStmt (44)
    on left: 23, on right: 14
IfStmt (45)
    on left: 24, on right: 17
ElsePart (46)
    on left: 25 26, on right: 24
CompoundStmt (47)
    on left: 27, on right: 3 16
StmtList (48)
    on left: 28 29, on right: 27 28
Expr (49)
    on left: 30 31, on right: 18 20 21 23 24 30 46
Rvalue (50)
    on left: 32 33, on right: 31 32
Compare (51)
    on left: 34 35 36 37 38 39, on right: 32
Mag (52)
    on left: 40 41 42, on right: 32 33 40 41
Term (53)
    on left: 43 44 45, on right: 40 41 42 43 44
Factor (54)
    on left: 46 47 48 49 50, on right: 43 44 45 47 48


State 0

    0 $accept: . start $end

    INT    shift, and go to state 1
    FLOAT  shift, and go to state 2

    start        go to state 3
    Function     go to state 4
    Declaration  go to state 5
    Type         go to state 6


State 1

    9 Type: INT .

    $default  reduce using rule 9 (Type)


State 2

   10 Type: FLOAT .

    $default  reduce using rule 10 (Type)


State 3

    0 $accept: start . $end

    $end  shift, and go to state 7


State 4

    1 start: Function .

    $default  reduce using rule 1 (start)


State 5

    2 start: Declaration .

    $default  reduce using rule 2 (start)


State 6

    3 Function: Type . ID '(' ArgList ')' CompoundStmt
    8 Declaration: Type . IdentList

    ID  shift, and go to state 8

    IdentList  go to state 9


State 7

    0 $accept: start $end .

    $default  accept


State 8

    3 Function: Type ID . '(' ArgList ')' CompoundStmt
   11 IdentList: ID . ',' IdentList
   12          | ID .

    '('  shift, and go to state 10
    ','  shift, and go to state 11

    $default  reduce using rule 12 (IdentList)


State 9

    8 Declaration: Type IdentList .

    $default  reduce using rule 8 (Declaration)


State 10

    3 Function: Type ID '(' . ArgList ')' CompoundStmt

    INT    shift, and go to state 1
    FLOAT  shift, and go to state 2

    $default  reduce using rule 6 (ArgList)

    ArgList  go to state 12
    Arg      go to state 13
    Type     go to state 14


State 11

   11 IdentList: ID ',' . IdentList

    ID  shift, and go to state 15

    IdentList  go to state 16


State 12

    3 Function: Type ID '(' ArgList . ')' CompoundStmt
    4 ArgList: ArgList . ',' Arg

    ')'  shift, and go to state 17
    ','  shift, and go to state 18


State 13

    5 ArgList: Arg .

    $default  reduce using rule 5 (ArgList)


State 14

    7 Arg: Type . ID

    ID  shift, and go to state 19


State 15

   11 IdentList: ID . ',' IdentList
   12          | ID .

    ','  shift, and go to state 11

    $default  reduce using rule 12 (IdentList)


State 16

   11 IdentList: ID ',' IdentList .

    $default  reduce using rule 11 (IdentList)


State 17

    3 Function: Type ID '(' ArgList ')' . CompoundStmt

    '{'  shift, and go to state 20

    CompoundStmt  go to state 21


State 18

    4 ArgList: ArgList ',' . Arg

    INT    shift, and go to state 1
    FLOAT  shift, and go to state 2

    Arg   go to state 22
    Type  go to state 14


State 19

    7 Arg: Type ID .

    $default  reduce using rule 7 (Arg)


State 20

   27 CompoundStmt: '{' . StmtList '}'

    $default  reduce using rule 29 (StmtList)

    StmtList  go to state 23


State 21

    3 Function: Type ID '(' ArgList ')' CompoundStmt .

    $default  reduce using rule 3 (Function)


State 22

    4 ArgList: ArgList ',' Arg .

    $default  reduce using rule 4 (ArgList)


State 23

   27 CompoundStmt: '{' StmtList . '}'
   28 StmtList: StmtList . Stmt

    INT     shift, and go to state 1
    FLOAT   shift, and go to state 2
    ID      shift, and go to state 24
    FOR     shift, and go to state 25
    WHILE   shift, and go to state 26
    IF      shift, and go to state 27
    NUMBER  shift, and go to state 28
    '+'     shift, and go to state 29
    '-'     shift, and go to state 30
    '('     shift, and go to state 31
    ';'     shift, and go to state 32
    '{'     shift, and go to state 20
    '}'     shift, and go to state 33

    Declaration   go to state 34
    Type          go to state 35
    Stmt          go to state 36
    ForStmt       go to state 37
    WhileStmt     go to state 38
    IfStmt        go to state 39
    CompoundStmt  go to state 40
    Expr          go to state 41
    Rvalue        go to state 42
    Mag           go to state 43
    Term          go to state 44
    Factor        go to state 45


State 24

   30 Expr: ID . '=' Expr
   49 Factor: ID .

    '='  shift, and go to state 46

    $default  reduce using rule 49 (Factor)


State 25

   20 ForStmt: FOR . '(' Expr ';' OptExpr ';' OptExpr ')' Stmt

    '('  shift, and go to state 47


State 26

   23 WhileStmt: WHILE . '(' Expr ')' Stmt

    '('  shift, and go to state 48


State 27

   24 IfStmt: IF . '(' Expr ')' Stmt ElsePart

    '('  shift, and go to state 49


State 28

   50 Factor: NUMBER .

    $default  reduce using rule 50 (Factor)


State 29

   48 Factor: '+' . Factor

    ID      shift, and go to state 50
    NUMBER  shift, and go to state 28
    '+'     shift, and go to state 29
    '-'     shift, and go to state 30
    '('     shift, and go to state 31

    Factor  go to state 51


State 30

   47 Factor: '-' . Factor

    ID      shift, and go to state 50
    NUMBER  shift, and go to state 28
    '+'     shift, and go to state 29
    '-'     shift, and go to state 30
    '('     shift, and go to state 31

    Factor  go to state 52


State 31

   46 Factor: '(' . Expr ')'

    ID      shift, and go to state 24
    NUMBER  shift, and go to state 28
    '+'     shift, and go to state 29
    '-'     shift, and go to state 30
    '('     shift, and go to state 31

    Expr    go to state 53
    Rvalue  go to state 42
    Mag     go to state 43
    Term    go to state 44
    Factor  go to state 45


State 32

   19 Stmt: ';' .

    $default  reduce using rule 19 (Stmt)


State 33

   27 CompoundStmt: '{' StmtList '}' .

    $default  reduce using rule 27 (CompoundStmt)


State 34

   15 Stmt: Declaration .

    $default  reduce using rule 15 (Stmt)


State 35

    8 Declaration: Type . IdentList

    ID  shift, and go to state 15

    IdentList  go to state 9


State 36

   28 StmtList: StmtList Stmt .

    $default  reduce using rule 28 (StmtList)


State 37

   13 Stmt: ForStmt .

    $default  reduce using rule 13 (Stmt)


State 38

   14 Stmt: WhileStmt .

    $default  reduce using rule 14 (Stmt)


State 39

   17 Stmt: IfStmt .

    $default  reduce using rule 17 (Stmt)


State 40

   16 Stmt: CompoundStmt .

    $default  reduce using rule 16 (Stmt)


State 41

   18 Stmt: Expr .

    $default  reduce using rule 18 (Stmt)


State 42

   31 Expr: Rvalue .
   32 Rvalue: Rvalue . Compare Mag

    LE  shift, and go to state 54
    GE  shift, and go to state 55
    EQ  shift, and go to state 56
    NE  shift, and go to state 57
    LT  shift, and go to state 58
    GT  shift, and go to state 59

    $default  reduce using rule 31 (Expr)

    Compare  go to state 60


State 43

   33 Rvalue: Mag .
   40 Mag: Mag . '+' Term
   41    | Mag . '-' Term

    '+'  shift, and go to state 61
    '-'  shift, and go to state 62

    '+'       [reduce using rule 33 (Rvalue)]
    '-'       [reduce using rule 33 (Rvalue)]
    $default  reduce using rule 33 (Rvalue)


State 44

   42 Mag: Term .
   43 Term: Term . '*' Factor
   44     | Term . '/' Factor

    '*'  shift, and go to state 63
    '/'  shift, and go to state 64

    $default  reduce using rule 42 (Mag)


State 45

   45 Term: Factor .

    $default  reduce using rule 45 (Term)


State 46

   30 Expr: ID '=' . Expr

    ID      shift, and go to state 24
    NUMBER  shift, and go to state 28
    '+'     shift, and go to state 29
    '-'     shift, and go to state 30
    '('     shift, and go to state 31

    Expr    go to state 65
    Rvalue  go to state 42
    Mag     go to state 43
    Term    go to state 44
    Factor  go to state 45


State 47

   20 ForStmt: FOR '(' . Expr ';' OptExpr ';' OptExpr ')' Stmt

    ID      shift, and go to state 24
    NUMBER  shift, and go to state 28
    '+'     shift, and go to state 29
    '-'     shift, and go to state 30
    '('     shift, and go to state 31

    Expr    go to state 66
    Rvalue  go to state 42
    Mag     go to state 43
    Term    go to state 44
    Factor  go to state 45


State 48

   23 WhileStmt: WHILE '(' . Expr ')' Stmt

    ID      shift, and go to state 24
    NUMBER  shift, and go to state 28
    '+'     shift, and go to state 29
    '-'     shift, and go to state 30
    '('     shift, and go to state 31

    Expr    go to state 67
    Rvalue  go to state 42
    Mag     go to state 43
    Term    go to state 44
    Factor  go to state 45


State 49

   24 IfStmt: IF '(' . Expr ')' Stmt ElsePart

    ID      shift, and go to state 24
    NUMBER  shift, and go to state 28
    '+'     shift, and go to state 29
    '-'     shift, and go to state 30
    '('     shift, and go to state 31

    Expr    go to state 68
    Rvalue  go to state 42
    Mag     go to state 43
    Term    go to state 44
    Factor  go to state 45


State 50

   49 Factor: ID .

    $default  reduce using rule 49 (Factor)


State 51

   48 Factor: '+' Factor .

    $default  reduce using rule 48 (Factor)


State 52

   47 Factor: '-' Factor .

    $default  reduce using rule 47 (Factor)


State 53

   46 Factor: '(' Expr . ')'

    ')'  shift, and go to state 69


State 54

   38 Compare: LE .

    $default  reduce using rule 38 (Compare)


State 55

   37 Compare: GE .

    $default  reduce using rule 37 (Compare)


State 56

   34 Compare: EQ .

    $default  reduce using rule 34 (Compare)


State 57

   39 Compare: NE .

    $default  reduce using rule 39 (Compare)


State 58

   35 Compare: LT .

    $default  reduce using rule 35 (Compare)


State 59

   36 Compare: GT .

    $default  reduce using rule 36 (Compare)


State 60

   32 Rvalue: Rvalue Compare . Mag

    ID      shift, and go to state 50
    NUMBER  shift, and go to state 28
    '+'     shift, and go to state 29
    '-'     shift, and go to state 30
    '('     shift, and go to state 31

    Mag     go to state 70
    Term    go to state 44
    Factor  go to state 45


State 61

   40 Mag: Mag '+' . Term

    ID      shift, and go to state 50
    NUMBER  shift, and go to state 28
    '+'     shift, and go to state 29
    '-'     shift, and go to state 30
    '('     shift, and go to state 31

    Term    go to state 71
    Factor  go to state 45


State 62

   41 Mag: Mag '-' . Term

    ID      shift, and go to state 50
    NUMBER  shift, and go to state 28
    '+'     shift, and go to state 29
    '-'     shift, and go to state 30
    '('     shift, and go to state 31

    Term    go to state 72
    Factor  go to state 45


State 63

   43 Term: Term '*' . Factor

    ID      shift, and go to state 50
    NUMBER  shift, and go to state 28
    '+'     shift, and go to state 29
    '-'     shift, and go to state 30
    '('     shift, and go to state 31

    Factor  go to state 73


State 64

   44 Term: Term '/' . Factor

    ID      shift, and go to state 50
    NUMBER  shift, and go to state 28
    '+'     shift, and go to state 29
    '-'     shift, and go to state 30
    '('     shift, and go to state 31

    Factor  go to state 74


State 65

   30 Expr: ID '=' Expr .

    $default  reduce using rule 30 (Expr)


State 66

   20 ForStmt: FOR '(' Expr . ';' OptExpr ';' OptExpr ')' Stmt

    ';'  shift, and go to state 75


State 67

   23 WhileStmt: WHILE '(' Expr . ')' Stmt

    ')'  shift, and go to state 76


State 68

   24 IfStmt: IF '(' Expr . ')' Stmt ElsePart

    ')'  shift, and go to state 77


State 69

   46 Factor: '(' Expr ')' .

    $default  reduce using rule 46 (Factor)


State 70

   32 Rvalue: Rvalue Compare Mag .
   40 Mag: Mag . '+' Term
   41    | Mag . '-' Term

    '+'  shift, and go to state 61
    '-'  shift, and go to state 62

    '+'       [reduce using rule 32 (Rvalue)]
    '-'       [reduce using rule 32 (Rvalue)]
    $default  reduce using rule 32 (Rvalue)


State 71

   40 Mag: Mag '+' Term .
   43 Term: Term . '*' Factor
   44     | Term . '/' Factor

    '*'  shift, and go to state 63
    '/'  shift, and go to state 64

    $default  reduce using rule 40 (Mag)


State 72

   41 Mag: Mag '-' Term .
   43 Term: Term . '*' Factor
   44     | Term . '/' Factor

    '*'  shift, and go to state 63
    '/'  shift, and go to state 64

    $default  reduce using rule 41 (Mag)


State 73

   43 Term: Term '*' Factor .

    $default  reduce using rule 43 (Term)


State 74

   44 Term: Term '/' Factor .

    $default  reduce using rule 44 (Term)


State 75

   20 ForStmt: FOR '(' Expr ';' . OptExpr ';' OptExpr ')' Stmt

    ID      shift, and go to state 24
    NUMBER  shift, and go to state 28
    '+'     shift, and go to state 29
    '-'     shift, and go to state 30
    '('     shift, and go to state 31

    $default  reduce using rule 22 (OptExpr)

    OptExpr  go to state 78
    Expr     go to state 79
    Rvalue   go to state 42
    Mag      go to state 43
    Term     go to state 44
    Factor   go to state 45


State 76

   23 WhileStmt: WHILE '(' Expr ')' . Stmt

    INT     shift, and go to state 1
    FLOAT   shift, and go to state 2
    ID      shift, and go to state 24
    FOR     shift, and go to state 25
    WHILE   shift, and go to state 26
    IF      shift, and go to state 27
    NUMBER  shift, and go to state 28
    '+'     shift, and go to state 29
    '-'     shift, and go to state 30
    '('     shift, and go to state 31
    ';'     shift, and go to state 32
    '{'     shift, and go to state 20

    Declaration   go to state 34
    Type          go to state 35
    Stmt          go to state 80
    ForStmt       go to state 37
    WhileStmt     go to state 38
    IfStmt        go to state 39
    CompoundStmt  go to state 40
    Expr          go to state 41
    Rvalue        go to state 42
    Mag           go to state 43
    Term          go to state 44
    Factor        go to state 45


State 77

   24 IfStmt: IF '(' Expr ')' . Stmt ElsePart

    INT     shift, and go to state 1
    FLOAT   shift, and go to state 2
    ID      shift, and go to state 24
    FOR     shift, and go to state 25
    WHILE   shift, and go to state 26
    IF      shift, and go to state 27
    NUMBER  shift, and go to state 28
    '+'     shift, and go to state 29
    '-'     shift, and go to state 30
    '('     shift, and go to state 31
    ';'     shift, and go to state 32
    '{'     shift, and go to state 20

    Declaration   go to state 34
    Type          go to state 35
    Stmt          go to state 81
    ForStmt       go to state 37
    WhileStmt     go to state 38
    IfStmt        go to state 39
    CompoundStmt  go to state 40
    Expr          go to state 41
    Rvalue        go to state 42
    Mag           go to state 43
    Term          go to state 44
    Factor        go to state 45


State 78

   20 ForStmt: FOR '(' Expr ';' OptExpr . ';' OptExpr ')' Stmt

    ';'  shift, and go to state 82


State 79

   21 OptExpr: Expr .

    $default  reduce using rule 21 (OptExpr)


State 80

   23 WhileStmt: WHILE '(' Expr ')' Stmt .

    $default  reduce using rule 23 (WhileStmt)


State 81

   24 IfStmt: IF '(' Expr ')' Stmt . ElsePart

    ELSE  shift, and go to state 83

    ELSE      [reduce using rule 26 (ElsePart)]
    $default  reduce using rule 26 (ElsePart)

    ElsePart  go to state 84


State 82

   20 ForStmt: FOR '(' Expr ';' OptExpr ';' . OptExpr ')' Stmt

    ID      shift, and go to state 24
    NUMBER  shift, and go to state 28
    '+'     shift, and go to state 29
    '-'     shift, and go to state 30
    '('     shift, and go to state 31

    $default  reduce using rule 22 (OptExpr)

    OptExpr  go to state 85
    Expr     go to state 79
    Rvalue   go to state 42
    Mag      go to state 43
    Term     go to state 44
    Factor   go to state 45


State 83

   25 ElsePart: ELSE . Stmt

    INT     shift, and go to state 1
    FLOAT   shift, and go to state 2
    ID      shift, and go to state 24
    FOR     shift, and go to state 25
    WHILE   shift, and go to state 26
    IF      shift, and go to state 27
    NUMBER  shift, and go to state 28
    '+'     shift, and go to state 29
    '-'     shift, and go to state 30
    '('     shift, and go to state 31
    ';'     shift, and go to state 32
    '{'     shift, and go to state 20

    Declaration   go to state 34
    Type          go to state 35
    Stmt          go to state 86
    ForStmt       go to state 37
    WhileStmt     go to state 38
    IfStmt        go to state 39
    CompoundStmt  go to state 40
    Expr          go to state 41
    Rvalue        go to state 42
    Mag           go to state 43
    Term          go to state 44
    Factor        go to state 45


State 84

   24 IfStmt: IF '(' Expr ')' Stmt ElsePart .

    $default  reduce using rule 24 (IfStmt)


State 85

   20 ForStmt: FOR '(' Expr ';' OptExpr ';' OptExpr . ')' Stmt

    ')'  shift, and go to state 87


State 86

   25 ElsePart: ELSE Stmt .

    $default  reduce using rule 25 (ElsePart)


State 87

   20 ForStmt: FOR '(' Expr ';' OptExpr ';' OptExpr ')' . Stmt

    INT     shift, and go to state 1
    FLOAT   shift, and go to state 2
    ID      shift, and go to state 24
    FOR     shift, and go to state 25
    WHILE   shift, and go to state 26
    IF      shift, and go to state 27
    NUMBER  shift, and go to state 28
    '+'     shift, and go to state 29
    '-'     shift, and go to state 30
    '('     shift, and go to state 31
    ';'     shift, and go to state 32
    '{'     shift, and go to state 20

    Declaration   go to state 34
    Type          go to state 35
    Stmt          go to state 88
    ForStmt       go to state 37
    WhileStmt     go to state 38
    IfStmt        go to state 39
    CompoundStmt  go to state 40
    Expr          go to state 41
    Rvalue        go to state 42
    Mag           go to state 43
    Term          go to state 44
    Factor        go to state 45


State 88

   20 ForStmt: FOR '(' Expr ';' OptExpr ';' OptExpr ')' Stmt .

    $default  reduce using rule 20 (ForStmt)
